<?xml version="1.0" encoding="UTF-8"?>
<testng-results ignored="0" total="1" passed="1" failed="0" skipped="0">
  <reporter-output>
  </reporter-output>
  <suite started-at="2024-10-21T20:46:19 EET" name="Default suite" finished-at="2024-10-21T20:46:26 EET" duration-ms="6537">
    <groups>
    </groups>
    <test started-at="2024-10-21T20:46:19 EET" name="Default test" finished-at="2024-10-21T20:46:26 EET" duration-ms="6537">
      <class name="scandproject.myclas">
        <test-method is-config="true" signature="mystab()[pri:0, instance:scandproject.myclas@3a3e78f]" started-at="2024-10-21T20:46:19 EET" name="mystab" finished-at="2024-10-21T20:46:26 EET" duration-ms="6503" status="PASS">
          <reporter-output>
          </reporter-output>
        </test-method> <!-- mystab -->
        <test-method signature="mytest()[pri:0, instance:scandproject.myclas@3a3e78f]" started-at="2024-10-21T20:46:26 EET" name="mytest" finished-at="2024-10-21T20:46:26 EET" duration-ms="6" status="PASS">
          <reporter-output>
          </reporter-output>
        </test-method> <!-- mytest -->
      </class> <!-- scandproject.myclas -->
    </test> <!-- Default test -->
  </suite> <!-- Default suite -->
</testng-results>
